<beans xmlns="http://www.springframework.org/schema/beans"
       xmlns:xsi="http://www.w3.org/2001/XMLSchema-instance"
       xmlns:mvc="http://www.springframework.org/schema/mvc" xmlns:aop="http://www.springframework.org/schema/aop"
       xmlns:tx="http://www.springframework.org/schema/tx" xmlns:context="http://www.springframework.org/schema/context"
       xsi:schemaLocation="
        http://www.springframework.org/schema/beans
        http://www.springframework.org/schema/beans/spring-beans-3.2.xsd
	    http://www.springframework.org/schema/mvc
        http://www.springframework.org/schema/mvc/spring-mvc-3.2.xsd
        http://www.springframework.org/schema/tx
        http://www.springframework.org/schema/tx/spring-tx-3.2.xsd
        http://www.springframework.org/schema/aop
        http://www.springframework.org/schema/aop/spring-aop-3.2.xsd
        http://www.springframework.org/schema/context
        http://www.springframework.org/schema/context/spring-context-3.2.xsd">

    <context:property-placeholder location="test.properties" />

    <mvc:annotation-driven />

    <bean id="dogEndpoint" class="dog.endpoint.DogEndpoint" init-method="init">
        <constructor-arg ref="dogService"/>
    </bean>

    <bean id="dogDao" class="dog.dao.DogInMemoryDao" />

    <bean id="dogHibernateDao" class="dog.dao.DogHibernateDaoImpl">
        <constructor-arg ref="sessionFactory"/>
    </bean>

    <bean id="dogService" class="dog.service.DogService">
        <constructor-arg ref="dogHibernateDao"/>
    </bean>

    <bean id="txManager" class="org.springframework.jdbc.datasource.DataSourceTransactionManager">
        <property name="dataSource" ref="dataSource"/>
    </bean>

    <bean id="sessionFactory"
          class="org.springframework.orm.hibernate4.LocalSessionFactoryBean">
        <property name="dataSource" ref="dataSource" />
        <property name="packagesToScan" value="dog.model" />
        <property name="configLocation" value="${hibernate.config}" />
        <property name="mappingResources">
            <list>
                <value>Dog.hbm.xml</value>
            </list>
        </property>
    </bean>

    <bean id="dataSource"
          class="org.springframework.jdbc.datasource.DriverManagerDataSource">
        <property name="driverClassName" value="${app.jdbc.driverClassName}" />
        <property name="url" value="${app.jdbc.url}" />
        <property name="username" value="${app.jdbc.username}" />
        <property name="password" value="" />
    </bean>

    <bean id="transactionManager"
          class="org.springframework.orm.hibernate4.HibernateTransactionManager">
        <property name="sessionFactory" ref="sessionFactory" />
    </bean>

    <bean id="jpaVendorAdapter" class="org.springframework.orm.jpa.vendor.HibernateJpaVendorAdapter">
        <property name="showSql" value="true"/>
        <property name="generateDdl" value="true"/>
        <property name="database" value="HSQL"/>
    </bean>

    <bean id="entityManagerFactory" class="org.springframework.orm.jpa.LocalContainerEntityManagerFactoryBean">
        <property name="dataSource" ref="dataSource"/>
        <property name="jpaVendorAdapter" ref="jpaVendorAdapter"/>
        <property name="packagesToScan" value="dog.model"/>
    </bean>

    <tx:advice id="txAdvice" transaction-manager="txManager">
        <tx:attributes>
            <tx:method name="getDog" read-only="true"/>
            <tx:method name="*"/>
        </tx:attributes>
    </tx:advice>

    <aop:config>
        <aop:pointcut id="dogServiceOperation" expression="execution(* dog.service.DogService.*(..))"/>
        <aop:advisor advice-ref="txAdvice" pointcut-ref="dogServiceOperation"/>
    </aop:config>

</beans>