<beans xmlns="http://www.springframework.org/schema/beans"
       xmlns:xsi="http://www.w3.org/2001/XMLSchema-instance"
       xmlns:tx="http://www.springframework.org/schema/tx"
       xmlns:aop="http://www.springframework.org/schema/aop"
       xsi:schemaLocation="
        http://www.springframework.org/schema/beans
        http://www.springframework.org/schema/beans/spring-beans-3.2.xsd
        http://www.springframework.org/schema/tx
        http://www.springframework.org/schema/tx/spring-tx-3.2.xsd
        http://www.springframework.org/schema/aop
        http://www.springframework.org/schema/aop/spring-aop-3.2.xsd">

    <import resource="hsqldb-config.xml" />

    <bean id="dogEndpoint" class="dog.endpoint.DogEndpoint" init-method="init">
        <constructor-arg ref="dogService"/>
    </bean>

    <bean id="dogDao" class="dog.dao.DogInMemoryDao" />

    <bean id="dogHibernateDao" class="dog.dao.DogHibernateDaoImpl">
        <constructor-arg ref="sessionFactory"/>
    </bean>

    <bean id="dogService" class="dog.service.DogService">
        <constructor-arg ref="dogHibernateDao"/>
    </bean>

    <bean id="txManager" class="org.springframework.orm.hibernate5.HibernateTransactionManager">
        <property name="sessionFactory" ref="sessionFactory" />
    </bean>

    <tx:advice id="txAdvice" transaction-manager="txManager">
        <tx:attributes>
            <tx:method name="getDog" read-only="true"/>
            <tx:method name="*"/>
        </tx:attributes>
    </tx:advice>

    <aop:config>
        <aop:pointcut id="dogServiceOperation" expression="execution(* dog.service.DogService.*(..))"/>
        <aop:advisor advice-ref="txAdvice" pointcut-ref="dogServiceOperation"/>
    </aop:config>

    <!--<bean id="endpointTest" class="dog.controller.EndpointTest">-->
        <!--<constructor-arg ref="dogService"/>-->
    <!--</bean>-->

</beans>